
Collecting usage statistics. To deactivate, set browser.gatherUsageStats to false.


  You can now view your Streamlit app in your browser.

  Local URL: http://localhost:8501
  Network URL: http://192.168.0.2:8501
  External URL: http://34.27.142.64:8501

2026-03-20 18:00:28,039 - INFO - Fetching 6mo of data with 1d interval for ETH-USD from API
2026-03-20 18:00:28,041 - INFO - Fetching 6mo of data with 1d interval for SOL-USD from API
2026-03-20 18:00:28,050 - INFO - Fetching 6mo of data with 1d interval for BTC-USD from API
2026-03-20 18:02:07,038 - INFO - Loading 6mo/1d for SOL-USD from local Parquet cache
2026-03-20 18:02:07,048 - INFO - Loading 6mo/1d for BTC-USD from local Parquet cache
2026-03-20 18:02:07,054 - INFO - Loading 6mo/1d for ETH-USD from local Parquet cache
2026-03-20 18:02:07.217 Please replace `use_container_width` with `width`.

`use_container_width` will be removed after 2025-12-31.

For `use_container_width=True`, use `width='stretch'`. For `use_container_width=False`, use `width='content'`.
2026-03-20 18:02:07.761 Please replace `use_container_width` with `width`.

`use_container_width` will be removed after 2025-12-31.

For `use_container_width=True`, use `width='stretch'`. For `use_container_width=False`, use `width='content'`.
2026-03-20 18:02:07.930 Please replace `use_container_width` with `width`.

`use_container_width` will be removed after 2025-12-31.

For `use_container_width=True`, use `width='stretch'`. For `use_container_width=False`, use `width='content'`.
2026-03-20 18:02:08.084 Please replace `use_container_width` with `width`.

`use_container_width` will be removed after 2025-12-31.

For `use_container_width=True`, use `width='stretch'`. For `use_container_width=False`, use `width='content'`.
